<?xml version="1.0" encoding="utf-8"?><testsuites name="pytest tests"><testsuite name="pytest" errors="0" failures="0" skipped="0" tests="29" time="5.312" timestamp="2026-07-03T20:11:40.195432+00:00" hostname="agent-env-549bab52-883a-4527-b7a8-a42c3e363fd7"><testcase classname="tests.backend_test.TestAuth" name="test_login_success" time="0.357" /><testcase classname="tests.backend_test.TestAuth" name="test_login_invalid_password" time="0.324" /><testcase classname="tests.backend_test.TestAuth" name="test_login_case_insensitive_email" time="0.334" /><testcase classname="tests.backend_test.TestAuth" name="test_me_requires_token" time="0.106" /><testcase classname="tests.backend_test.TestAuth" name="test_me_with_token" time="0.430" /><testcase classname="tests.backend_test.TestAgents" name="test_list_agents_admin" time="0.105" /><testcase classname="tests.backend_test.TestAgents" name="test_list_agents_non_admin_rejected" time="0.423" /><testcase classname="tests.backend_test.TestAgents" name="test_create_agent" time="0.345" /><testcase classname="tests.backend_test.TestAgents" name="test_created_agent_can_login" time="0.325" /><testcase classname="tests.backend_test.TestAgents" name="test_create_agent_duplicate_email" time="0.095" /><testcase classname="tests.backend_test.TestAgents" name="test_delete_agent" time="0.219" /><testcase classname="tests.backend_test.TestCustomers" name="test_list_customers" time="0.102" /><testcase classname="tests.backend_test.TestCustomers" name="test_create_customer_auto_pin" time="0.098" /><testcase classname="tests.backend_test.TestCustomers" name="test_verify_customer_persisted" time="0.102" /><testcase classname="tests.backend_test.TestCustomers" name="test_customer_history_empty" time="0.112" /><testcase classname="tests.backend_test.TestCustomers" name="test_delete_customer_admin_only" time="0.099" /><testcase classname="tests.backend_test.TestCustomers" name="test_delete_customer_success" time="0.199" /><testcase classname="tests.backend_test.TestSales" name="test_create_customer_sale" time="0.219" /><testcase classname="tests.backend_test.TestSales" name="test_sale_amount_out_of_range" time="0.208" /><testcase classname="tests.backend_test.TestSales" name="test_visitor_sale" time="0.098" /><testcase classname="tests.backend_test.TestSales" name="test_visitor_sale_missing_fields" time="0.097" /><testcase classname="tests.backend_test.TestSales" name="test_list_sales" time="0.092" /><testcase classname="tests.backend_test.TestSales" name="test_customer_history_after_sale" time="0.104" /><testcase classname="tests.backend_test.TestStats" name="test_stats_day" time="0.100" /><testcase classname="tests.backend_test.TestStats" name="test_stats_month" time="0.095" /><testcase classname="tests.backend_test.TestStats" name="test_stats_all" time="0.102" /><testcase classname="tests.backend_test.TestStats" name="test_stats_bad_period" time="0.102" /><testcase classname="tests.backend_test.TestStats" name="test_stats_bad_month" time="0.114" /><testcase classname="tests.backend_test.TestStats" name="test_stats_requires_auth" time="0.105" /></testsuite></testsuites>